<?xml version="1.0" encoding="UTF-8"?>
<!-- Generated by org.testng.reporters.JUnitXMLReporter -->
<testsuite ignored="2" hostname="DESKTOP-O949GMR" failures="0" tests="1" name="Default test" time="4.676" errors="0" timestamp="2024-08-26T00:02:34 IST">
  <testcase classname="test.PracticeTests.WebTableHandling" name="updatedWebTableHandling" time="2.57"/>
  <testcase classname="test.PracticeTests.WebTableHandling" name="getRowsAndColumns" time="0.0">
    <ignored/>
  </testcase> <!-- getRowsAndColumns -->
  <testcase classname="test.PracticeTests.WebTableHandling" name="getRowsAndColumnsExceptLast" time="0.0">
    <ignored/>
  </testcase> <!-- getRowsAndColumnsExceptLast -->
</testsuite> <!-- Default test -->
