<?xml version="1.0" encoding="UTF-8"?>
<!-- Generated by org.testng.reporters.JUnitXMLReporter -->
<testsuite ignored="0" hostname="DESKTOP-O949GMR" failures="0" tests="2" name="Default test" time="73.2" errors="0" timestamp="2025-04-08T23:40:52 IST">
  <testcase classname="test.DataDrivenTests.DataDrivingFromDatabase" name="dataDrivingFromJSONTest" time="7.752"/>
  <testcase classname="test.DataDrivenTests.DataDrivingFromDatabase" name="dataDrivingFromJSONTest" time="8.342"/>
</testsuite> <!-- Default test -->
