<?xml version="1.0" encoding="UTF-8"?>
<!-- Generated by org.testng.reporters.JUnitXMLReporter -->
<testsuite ignored="0" hostname="DESKTOP-O949GMR" failures="1" tests="4" name="Test" time="29.521" errors="0" timestamp="2025-02-02T00:10:31 IST">
  <testcase classname="test.PracticeTests.LoginWithMultipleSetsOfData" name="verifyLoginCredentials" time="6.015"/>
  <testcase classname="test.PracticeTests.LoginWithMultipleSetsOfData" name="verifyLoginCredentials" time="4.811">
    <failure type="java.lang.AssertionError" message="expected [No customer account found] but found [The credentials provided are incorrect]">
      <![CDATA[java.lang.AssertionError: expected [No customer account found] but found [The credentials provided are incorrect]
at test.PracticeTests.LoginWithMultipleSetsOfData.verifyLoginCredentials(LoginWithMultipleSetsOfData.java:39)
at java.base/java.util.ArrayList.forEach(ArrayList.java:1511)
... Removed 33 stack frames]]>
    </failure>
  </testcase> <!-- verifyLoginCredentials -->
  <testcase classname="test.PracticeTests.LoginWithMultipleSetsOfData" name="verifyLoginCredentials" time="4.948"/>
  <testcase classname="test.PracticeTests.LoginWithMultipleSetsOfData" name="verifyLoginCredentials" time="4.94"/>
</testsuite> <!-- Test -->
