<?xml version="1.0" encoding="UTF-8"?>
<!-- Generated by org.testng.reporters.JUnitXMLReporter -->
<testsuite ignored="0" hostname="DESKTOP-O949GMR" failures="1" tests="4" name="Test" time="46.384" errors="0" timestamp="2025-02-10T01:41:31 IST">
  <testcase classname="test.PracticeTests.LoginWithMultipleSetsOfData" name="verifyLoginCredentials" time="9.943"/>
  <testcase classname="test.PracticeTests.LoginWithMultipleSetsOfData" name="verifyLoginCredentials" time="8.082">
    <failure type="java.lang.AssertionError" message="expected [No customer account found] but found [The credentials provided are incorrect]">
      <![CDATA[java.lang.AssertionError: expected [No customer account found] but found [The credentials provided are incorrect]
at test.PracticeTests.LoginWithMultipleSetsOfData.verifyLoginCredentials(LoginWithMultipleSetsOfData.java:39)
at java.base/java.util.ArrayList.forEach(ArrayList.java:1511)
... Removed 33 stack frames]]>
    </failure>
  </testcase> <!-- verifyLoginCredentials -->
  <testcase classname="test.PracticeTests.LoginWithMultipleSetsOfData" name="verifyLoginCredentials" time="8.442"/>
  <testcase classname="test.PracticeTests.LoginWithMultipleSetsOfData" name="verifyLoginCredentials" time="8.942"/>
</testsuite> <!-- Test -->
