<?xml version="1.0" encoding="UTF-8"?>
<testng-results ignored="0" total="4" passed="3" failed="1" skipped="0">
  <reporter-output>
  </reporter-output>
  <suite started-at="2025-02-02T00:15:15 IST" name="Default suite" finished-at="2025-02-02T00:15:45 IST" duration-ms="30195">
    <groups>
    </groups>
    <test started-at="2025-02-02T00:15:15 IST" name="Default test" finished-at="2025-02-02T00:15:45 IST" duration-ms="30195">
      <class name="test.PracticeTests.LoginWithMultipleSetsOfData">
        <test-method signature="verifyLoginCredentials(java.lang.String,java.lang.String,java.lang.String)[pri:0, instance:test.PracticeTests.LoginWithMultipleSetsOfData@7dda48d9]" started-at="2025-02-02T00:15:15 IST" name="verifyLoginCredentials" data-provider="credentials" finished-at="2025-02-02T00:15:22 IST" duration-ms="6966" status="PASS">
          <params>
            <param index="0">
              <value>
                <![CDATA[bothcorrect]]>
              </value>
            </param>
            <param index="1">
              <value>
                <![CDATA[sakinala@gmail.com]]>
              </value>
            </param>
            <param index="2">
              <value>
                <![CDATA[p@ssword]]>
              </value>
            </param>
          </params>
          <reporter-output>
          </reporter-output>
        </test-method> <!-- verifyLoginCredentials -->
        <test-method is-config="true" signature="tearDown()[pri:0, instance:test.PracticeTests.LoginWithMultipleSetsOfData@7dda48d9]" started-at="2025-02-02T00:15:22 IST" name="tearDown" finished-at="2025-02-02T00:15:24 IST" duration-ms="2240" status="PASS">
          <reporter-output>
          </reporter-output>
        </test-method> <!-- tearDown -->
        <test-method signature="verifyLoginCredentials(java.lang.String,java.lang.String,java.lang.String)[pri:0, instance:test.PracticeTests.LoginWithMultipleSetsOfData@7dda48d9]" started-at="2025-02-02T00:15:24 IST" name="verifyLoginCredentials" data-provider="credentials" finished-at="2025-02-02T00:15:29 IST" duration-ms="4841" status="FAIL">
          <params>
            <param index="0">
              <value>
                <![CDATA[bothincorrect]]>
              </value>
            </param>
            <param index="1">
              <value>
                <![CDATA[abc@gmail.com]]>
              </value>
            </param>
            <param index="2">
              <value>
                <![CDATA[passwd]]>
              </value>
            </param>
          </params>
          <exception class="java.lang.AssertionError">
            <message>
              <![CDATA[expected [No customer account found] but found [The credentials provided are incorrect]]]>
            </message>
            <full-stacktrace>
              <![CDATA[java.lang.AssertionError: expected [No customer account found] but found [The credentials provided are incorrect]
at org.testng.Assert.fail(Assert.java:111)
at org.testng.Assert.failNotEquals(Assert.java:1578)
at org.testng.Assert.assertEqualsImpl(Assert.java:150)
at org.testng.Assert.assertEquals(Assert.java:132)
at org.testng.Assert.assertEquals(Assert.java:656)
at org.testng.Assert.assertEquals(Assert.java:666)
at test.PracticeTests.LoginWithMultipleSetsOfData.verifyLoginCredentials(LoginWithMultipleSetsOfData.java:39)
at java.base/jdk.internal.reflect.NativeMethodAccessorImpl.invoke0(Native Method)
at java.base/jdk.internal.reflect.NativeMethodAccessorImpl.invoke(NativeMethodAccessorImpl.java:77)
at java.base/jdk.internal.reflect.DelegatingMethodAccessorImpl.invoke(DelegatingMethodAccessorImpl.java:43)
at java.base/java.lang.reflect.Method.invoke(Method.java:568)
at org.testng.internal.invokers.MethodInvocationHelper.invokeMethod(MethodInvocationHelper.java:139)
at org.testng.internal.invokers.TestInvoker.invokeMethod(TestInvoker.java:664)
at org.testng.internal.invokers.TestInvoker.invokeTestMethod(TestInvoker.java:227)
at org.testng.internal.invokers.MethodRunner.runInSequence(MethodRunner.java:50)
at org.testng.internal.invokers.TestInvoker$MethodInvocationAgent.invoke(TestInvoker.java:957)
at org.testng.internal.invokers.TestInvoker.invokeTestMethods(TestInvoker.java:200)
at org.testng.internal.invokers.TestMethodWorker.invokeTestMethods(TestMethodWorker.java:148)
at org.testng.internal.invokers.TestMethodWorker.run(TestMethodWorker.java:128)
at java.base/java.util.ArrayList.forEach(ArrayList.java:1511)
at org.testng.TestRunner.privateRun(TestRunner.java:848)
at org.testng.TestRunner.run(TestRunner.java:621)
at org.testng.SuiteRunner.runTest(SuiteRunner.java:443)
at org.testng.SuiteRunner.runSequentially(SuiteRunner.java:437)
at org.testng.SuiteRunner.privateRun(SuiteRunner.java:397)
at org.testng.SuiteRunner.run(SuiteRunner.java:336)
at org.testng.SuiteRunnerWorker.runSuite(SuiteRunnerWorker.java:52)
at org.testng.SuiteRunnerWorker.run(SuiteRunnerWorker.java:95)
at org.testng.TestNG.runSuitesSequentially(TestNG.java:1280)
at org.testng.TestNG.runSuitesLocally(TestNG.java:1200)
at org.testng.TestNG.runSuites(TestNG.java:1114)
at org.testng.TestNG.run(TestNG.java:1082)
at org.testng.remote.AbstractRemoteTestNG.run(AbstractRemoteTestNG.java:115)
at org.testng.remote.RemoteTestNG.initAndRun(RemoteTestNG.java:251)
at org.testng.remote.RemoteTestNG.main(RemoteTestNG.java:77)
]]>
            </full-stacktrace>
          </exception> <!-- java.lang.AssertionError -->
          <reporter-output>
          </reporter-output>
        </test-method> <!-- verifyLoginCredentials -->
        <test-method is-config="true" signature="tearDown()[pri:0, instance:test.PracticeTests.LoginWithMultipleSetsOfData@7dda48d9]" started-at="2025-02-02T00:15:29 IST" name="tearDown" finished-at="2025-02-02T00:15:31 IST" duration-ms="2180" status="PASS">
          <reporter-output>
          </reporter-output>
        </test-method> <!-- tearDown -->
        <test-method signature="verifyLoginCredentials(java.lang.String,java.lang.String,java.lang.String)[pri:0, instance:test.PracticeTests.LoginWithMultipleSetsOfData@7dda48d9]" started-at="2025-02-02T00:15:31 IST" name="verifyLoginCredentials" data-provider="credentials" finished-at="2025-02-02T00:15:36 IST" duration-ms="4769" status="PASS">
          <params>
            <param index="0">
              <value>
                <![CDATA[usernameincorrect]]>
              </value>
            </param>
            <param index="1">
              <value>
                <![CDATA[abc@gmail.com]]>
              </value>
            </param>
            <param index="2">
              <value>
                <![CDATA[p@ssword]]>
              </value>
            </param>
          </params>
          <reporter-output>
          </reporter-output>
        </test-method> <!-- verifyLoginCredentials -->
        <test-method is-config="true" signature="tearDown()[pri:0, instance:test.PracticeTests.LoginWithMultipleSetsOfData@7dda48d9]" started-at="2025-02-02T00:15:36 IST" name="tearDown" finished-at="2025-02-02T00:15:38 IST" duration-ms="2166" status="PASS">
          <reporter-output>
          </reporter-output>
        </test-method> <!-- tearDown -->
        <test-method signature="verifyLoginCredentials(java.lang.String,java.lang.String,java.lang.String)[pri:0, instance:test.PracticeTests.LoginWithMultipleSetsOfData@7dda48d9]" started-at="2025-02-02T00:15:38 IST" name="verifyLoginCredentials" data-provider="credentials" finished-at="2025-02-02T00:15:43 IST" duration-ms="4794" status="PASS">
          <params>
            <param index="0">
              <value>
                <![CDATA[passwordincorrect]]>
              </value>
            </param>
            <param index="1">
              <value>
                <![CDATA[sakinala@gmail.com]]>
              </value>
            </param>
            <param index="2">
              <value>
                <![CDATA[passwd]]>
              </value>
            </param>
          </params>
          <reporter-output>
          </reporter-output>
        </test-method> <!-- verifyLoginCredentials -->
        <test-method is-config="true" signature="tearDown()[pri:0, instance:test.PracticeTests.LoginWithMultipleSetsOfData@7dda48d9]" started-at="2025-02-02T00:15:43 IST" name="tearDown" finished-at="2025-02-02T00:15:45 IST" duration-ms="2159" status="PASS">
          <reporter-output>
          </reporter-output>
        </test-method> <!-- tearDown -->
      </class> <!-- test.PracticeTests.LoginWithMultipleSetsOfData -->
    </test> <!-- Default test -->
  </suite> <!-- Default suite -->
</testng-results>
