<?xml version="1.0" encoding="UTF-8"?>
<testng-results ignored="0" total="1" passed="1" failed="0" skipped="0">
  <reporter-output>
  </reporter-output>
  <suite started-at="2025-02-19T00:56:03 IST" name="Default suite" finished-at="2025-02-19T00:56:09 IST" duration-ms="5883">
    <groups>
    </groups>
    <test started-at="2025-02-19T00:56:03 IST" name="Default test" finished-at="2025-02-19T00:56:09 IST" duration-ms="5883">
      <class name="test.PracticeTests.DynamicTest">
        <test-method is-config="true" signature="setUp()[pri:0, instance:test.PracticeTests.DynamicTest@397fbdb]" started-at="2025-02-19T00:56:03 IST" name="setUp" finished-at="2025-02-19T00:56:06 IST" duration-ms="2369" status="PASS">
          <reporter-output>
          </reporter-output>
        </test-method> <!-- setUp -->
        <test-method signature="DynamicTest1()[pri:0, instance:test.PracticeTests.DynamicTest@397fbdb]" started-at="2025-02-19T00:56:06 IST" name="DynamicTest1" finished-at="2025-02-19T00:56:07 IST" duration-ms="1234" status="PASS">
          <reporter-output>
          </reporter-output>
        </test-method> <!-- DynamicTest1 -->
        <test-method is-config="true" signature="tearDown()[pri:0, instance:test.PracticeTests.DynamicTest@397fbdb]" started-at="2025-02-19T00:56:07 IST" name="tearDown" finished-at="2025-02-19T00:56:09 IST" duration-ms="2215" status="PASS">
          <reporter-output>
          </reporter-output>
        </test-method> <!-- tearDown -->
      </class> <!-- test.PracticeTests.DynamicTest -->
    </test> <!-- Default test -->
  </suite> <!-- Default suite -->
</testng-results>
