<?xml version="1.0" encoding="UTF-8"?>
<!-- Generated by org.testng.reporters.JUnitReportReporter -->
<testsuite hostname="DESKTOP-O949GMR" failures="0" tests="4" name="test.DataDrivenTests.DataDrivingUsingExcel" time="126.379" errors="0" timestamp="2025-04-02T23:50:37 IST" skipped="0">
  <testcase classname="test.DataDrivenTests.DataDrivingUsingExcel" name="dataDrivingFromExcelTest" time="31.522"/>
  <testcase classname="test.DataDrivenTests.DataDrivingUsingExcel" name="dataDrivingFromExcelTest" time="30.226"/>
  <testcase classname="test.DataDrivenTests.DataDrivingUsingExcel" name="dataDrivingFromExcelTest" time="33.235"/>
  <testcase classname="test.DataDrivenTests.DataDrivingUsingExcel" name="dataDrivingFromExcelTest" time="31.396"/>
</testsuite> <!-- test.DataDrivenTests.DataDrivingUsingExcel -->
