<?xml version="1.0" encoding="UTF-8"?>
<!-- Generated by org.testng.reporters.JUnitReportReporter -->
<testsuite hostname="DESKTOP-O949GMR" failures="0" tests="4" name="test.PracticeTests.testPractice" time="142.010" errors="0" timestamp="2025-04-04T23:13:21 IST" skipped="0">
  <testcase classname="test.PracticeTests.testPractice" name="dataDrivenTest" time="37.749"/>
  <testcase classname="test.PracticeTests.testPractice" name="dataDrivenTest" time="34.438"/>
  <testcase classname="test.PracticeTests.testPractice" name="dataDrivenTest" time="34.726"/>
  <testcase classname="test.PracticeTests.testPractice" name="dataDrivenTest" time="35.097"/>
</testsuite> <!-- test.PracticeTests.testPractice -->
