<?xml version="1.0" encoding="UTF-8"?>
<!-- Generated by org.testng.reporters.JUnitReportReporter -->
<testsuite hostname="DESKTOP-O949GMR" failures="0" tests="1" name="test.CalendarHandlingTests.CalendarDifferentTypesHandling" time="9.820" errors="0" timestamp="2025-03-23T20:52:36 IST" skipped="0">
  <testcase classname="test.CalendarHandlingTests.CalendarDifferentTypesHandling" name="calendarHandlingFourthDate" time="9.820"/>
</testsuite> <!-- test.CalendarHandlingTests.CalendarDifferentTypesHandling -->
