<?xml version="1.0" encoding="UTF-8"?>
<!-- Generated by org.testng.reporters.JUnitReportReporter -->
<testsuite hostname="DESKTOP-O949GMR" failures="0" tests="1" name="test.CalendarHandlingTests.CalendarSelectPreviousAndFutureDates" time="5.920" errors="0" timestamp="2025-03-24T22:57:35 IST" skipped="0">
  <testcase classname="test.CalendarHandlingTests.CalendarSelectPreviousAndFutureDates" name="calendarSelectingPreviousAndFutureDates" time="5.920"/>
</testsuite> <!-- test.CalendarHandlingTests.CalendarSelectPreviousAndFutureDates -->
