<?xml version="1.0" encoding="UTF-8"?>
<!-- Generated by org.testng.reporters.JUnitReportReporter -->
<testsuite hostname="DESKTOP-O949GMR" failures="0" tests="2" name="test.DataDrivenTests.DataDrivingFromDatabase" time="72.101" errors="0" timestamp="2025-04-08T23:40:52 IST" skipped="0">
  <testcase classname="test.DataDrivenTests.DataDrivingFromDatabase" name="dataDrivingFromJSONTest" time="37.326"/>
  <testcase classname="test.DataDrivenTests.DataDrivingFromDatabase" name="dataDrivingFromJSONTest" time="34.775"/>
</testsuite> <!-- test.DataDrivenTests.DataDrivingFromDatabase -->
