<?xml version="1.0" encoding="UTF-8"?>
<!-- Generated by org.testng.reporters.JUnitReportReporter -->
<testsuite hostname="DESKTOP-O949GMR" failures="0" tests="3" name="test.PracticeExcelDataDriving.DataProviderTest" time="0.015" errors="0" timestamp="2024-12-07T00:24:31 IST" skipped="0">
  <testcase classname="test.PracticeExcelDataDriving.DataProviderTest" name="testcaseData" time="0.011"/>
  <testcase classname="test.PracticeExcelDataDriving.DataProviderTest" name="testcaseData" time="0.002"/>
  <testcase classname="test.PracticeExcelDataDriving.DataProviderTest" name="testcaseData" time="0.002"/>
</testsuite> <!-- test.PracticeExcelDataDriving.DataProviderTest -->
