<?xml version="1.0" encoding="UTF-8"?>
<!-- Generated by org.testng.reporters.JUnitReportReporter -->
<testsuite hostname="DESKTOP-O949GMR" failures="0" tests="1" name="test.CalendarHandlingTests.CalendarPreviousAndFutureDates" time="16.443" errors="0" timestamp="2025-03-24T23:01:25 IST" skipped="0">
  <testcase classname="test.CalendarHandlingTests.CalendarPreviousAndFutureDates" name="calendarPreviousAndFutureDates" time="16.443"/>
</testsuite> <!-- test.CalendarHandlingTests.CalendarPreviousAndFutureDates -->
