<?xml version="1.0" encoding="UTF-8"?>
<!-- Generated by org.testng.reporters.JUnitReportReporter -->
<testsuite hostname="DESKTOP-O949GMR" failures="0" tests="1" name="test.CalendarHandlingTests.CalendarSelectPreviousAndFutureDates" time="9.928" errors="0" timestamp="2025-03-22T23:38:07 IST" skipped="0">
  <testcase classname="test.CalendarHandlingTests.CalendarSelectPreviousAndFutureDates" name="calendarSelectingPreviousAndFutureDates" time="9.928"/>
</testsuite> <!-- test.CalendarHandlingTests.CalendarSelectPreviousAndFutureDates -->
