<?xml version="1.0" encoding="UTF-8"?>
<!-- Generated by org.testng.reporters.JUnitReportReporter -->
<testsuite hostname="DESKTOP-O949GMR" failures="0" tests="2" name="test.DataDrivenTests.DataDrivingFromHashmap" time="61.605" errors="0" timestamp="2025-04-05T18:22:13 IST" skipped="0">
  <testcase classname="test.DataDrivenTests.DataDrivingFromHashmap" name="dataDrivingFromHashmapTest" time="26.215"/>
  <testcase classname="test.DataDrivenTests.DataDrivingFromHashmap" name="dataDrivingFromHashmapTest" time="35.390"/>
</testsuite> <!-- test.DataDrivenTests.DataDrivingFromHashmap -->
