<?xml version="1.0" encoding="UTF-8"?>
<!-- Generated by org.testng.reporters.JUnitReportReporter -->
<testsuite hostname="DESKTOP-O949GMR" failures="0" tests="1" name="test.CalendarHandlingTests.CalendarDifferentDatePicker" time="3.504" errors="0" timestamp="2025-03-23T17:31:04 IST" skipped="0">
  <testcase classname="test.CalendarHandlingTests.CalendarDifferentDatePicker" name="calendarDOBDatePickerHandling" time="3.504"/>
</testsuite> <!-- test.CalendarHandlingTests.CalendarDifferentDatePicker -->
