<?xml version="1.0" encoding="UTF-8"?>
<!-- Generated by org.testng.reporters.JUnitReportReporter -->
<testsuite hostname="DESKTOP-O949GMR" failures="0" tests="2" name="test.PracticeTests.testPractice" time="63.872" errors="0" timestamp="2025-04-02T00:15:10 IST" skipped="0">
  <testcase classname="test.PracticeTests.testPractice" name="dataDrivenFromArrayTest" time="32.302"/>
  <testcase classname="test.PracticeTests.testPractice" name="dataDrivenFromArrayTest" time="31.570"/>
</testsuite> <!-- test.PracticeTests.testPractice -->
