<?xml version="1.0" encoding="UTF-8"?>
<!-- Generated by org.testng.reporters.JUnitReportReporter -->
<testsuite hostname="DESKTOP-O949GMR" failures="0" tests="2" name="test.DataDrivenTests.DataDrivingFromJSON" time="66.411" errors="0" timestamp="2025-04-05T19:26:43 IST" skipped="0">
  <testcase classname="test.DataDrivenTests.DataDrivingFromJSON" name="dataDrivingFromJSONTest" time="35.907"/>
  <testcase classname="test.DataDrivenTests.DataDrivingFromJSON" name="dataDrivingFromJSONTest" time="30.504"/>
</testsuite> <!-- test.DataDrivenTests.DataDrivingFromJSON -->
