<?xml version="1.0" encoding="UTF-8"?>
<!-- Generated by org.testng.reporters.JUnitReportReporter -->
<testsuite hostname="DESKTOP-O949GMR" failures="0" tests="2" name="test.DataDrivenTests.DataDrivingUsingArrays" time="62.606" errors="0" timestamp="2025-04-02T00:45:00 IST" skipped="0">
  <testcase classname="test.DataDrivenTests.DataDrivingUsingArrays" name="dataDrivenFromArrayTest" time="31.463"/>
  <testcase classname="test.DataDrivenTests.DataDrivingUsingArrays" name="dataDrivenFromArrayTest" time="31.143"/>
</testsuite> <!-- test.DataDrivenTests.DataDrivingUsingArrays -->
