<?xml version="1.0" encoding="UTF-8"?>
<!-- Generated by org.testng.reporters.JUnitReportReporter -->
<testsuite hostname="DESKTOP-O949GMR" failures="0" tests="2" name="test.DataDrivenTests.DataDrivingFromJSON" time="71.938" errors="0" timestamp="2025-04-05T22:41:12 IST" skipped="0">
  <testcase classname="test.DataDrivenTests.DataDrivingFromJSON" name="dataDrivingFromJSONTest" time="39.451"/>
  <testcase classname="test.DataDrivenTests.DataDrivingFromJSON" name="dataDrivingFromJSONTest" time="32.487"/>
</testsuite> <!-- test.DataDrivenTests.DataDrivingFromJSON -->
